<?xml version="1.0" encoding="UTF-8"?>
<!-- Generated by org.testng.reporters.JUnitReportReporter -->
<testsuite hostname="LAPTOP-PT5FP9QT" failures="0" tests="1" name="LoginTest.Login" time="11.760" errors="0" timestamp="2025-04-05T07:48:31 IST" skipped="0">
  <testcase classname="LoginTest.Login" name="login" time="11.760"/>
</testsuite> <!-- LoginTest.Login -->
